Info: Starting: Create block symbol file (.bsf)
Info: qsys-generate /home/oem/Downloads/Problema_SD_2026_1-master/src/hdl.qsys --block-symbol-file --output-directory=/home/oem/Downloads/Problema_SD_2026_1-master/src/hdl --family="Cyclone V" --part=5CSEMA5F31C6
Progress: Loading src/hdl.qsys
Progress: Reading input file
Progress: Adding clk_0 [clock_source 25.1]
Progress: Parameterizing module clk_0
Progress: Adding hps_0 [altera_hps 25.1]
Progress: Parameterizing module hps_0
Progress: Adding pio_data_in [altera_avalon_pio 25.1]
Progress: Parameterizing module pio_data_in
Progress: Adding pio_data_out [altera_avalon_pio 25.1]
Progress: Parameterizing module pio_data_out
Progress: Adding pio_signals [altera_avalon_pio 25.1]
Progress: Parameterizing module pio_signals
Progress: Building connections
Progress: Parameterizing connections
Progress: Validating
Progress: Done reading input file
Info: hdl.hps_0: HPS Main PLL counter settings: n = 0  m = 73
Info: hdl.hps_0: HPS peripherial PLL counter settings: n = 0  m = 39
Warning: hdl.hps_0: "Configuration/HPS-to-FPGA user 0 clock frequency" (desired_cfg_clk_mhz) requested 100.0 MHz, but only achieved 97.368421 MHz
Warning: hdl.hps_0: 1 or more output clock frequencies cannot be achieved precisely, consider revising desired output clock frequencies.
Warning: hdl.hps_0: HPS model no longer supports simulation for HPS FPGA Bridges.
Warning: hdl.hps_0: ODT is disabled. Enabling ODT (Mode Register 1) may improve signal integrity
Warning: hdl.hps_0: set_interface_assignment: Interface "hps_io" does not exist
Info: hdl.pio_data_out: PIO inputs are not hardwired in test bench. Undefined values will be read from PIO inputs during simulation.
Warning: hdl.hps_0: hps_0.h2f_mpu_events must be exported, or connected to a matching conduit.
Warning: hdl.pio_data_in: pio_data_in.external_connection must be exported, or connected to a matching conduit.
Warning: hdl.pio_data_out: pio_data_out.external_connection must be exported, or connected to a matching conduit.
Warning: hdl.pio_signals: pio_signals.external_connection must be exported, or connected to a matching conduit.
Info: qsys-generate succeeded.
Info: Finished: Create block symbol file (.bsf)
Info: 
Info: Starting: Create HDL design files for synthesis
Info: qsys-generate /home/oem/Downloads/Problema_SD_2026_1-master/src/hdl.qsys --synthesis=VERILOG --output-directory=/home/oem/Downloads/Problema_SD_2026_1-master/src/hdl/synthesis --family="Cyclone V" --part=5CSEMA5F31C6
Progress: Loading src/hdl.qsys
Progress: Reading input file
Progress: Adding clk_0 [clock_source 25.1]
Progress: Parameterizing module clk_0
Progress: Adding hps_0 [altera_hps 25.1]
Progress: Parameterizing module hps_0
Progress: Adding pio_data_in [altera_avalon_pio 25.1]
Progress: Parameterizing module pio_data_in
Progress: Adding pio_data_out [altera_avalon_pio 25.1]
Progress: Parameterizing module pio_data_out
Progress: Adding pio_signals [altera_avalon_pio 25.1]
Progress: Parameterizing module pio_signals
Progress: Building connections
Progress: Parameterizing connections
Progress: Validating
Progress: Done reading input file
Info: hdl.hps_0: HPS Main PLL counter settings: n = 0  m = 73
Info: hdl.hps_0: HPS peripherial PLL counter settings: n = 0  m = 39
Warning: hdl.hps_0: "Configuration/HPS-to-FPGA user 0 clock frequency" (desired_cfg_clk_mhz) requested 100.0 MHz, but only achieved 97.368421 MHz
Warning: hdl.hps_0: 1 or more output clock frequencies cannot be achieved precisely, consider revising desired output clock frequencies.
Warning: hdl.hps_0: HPS model no longer supports simulation for HPS FPGA Bridges.
Warning: hdl.hps_0: ODT is disabled. Enabling ODT (Mode Register 1) may improve signal integrity
Warning: hdl.hps_0: set_interface_assignment: Interface "hps_io" does not exist
Info: hdl.pio_data_out: PIO inputs are not hardwired in test bench. Undefined values will be read from PIO inputs during simulation.
Warning: hdl.hps_0: hps_0.h2f_mpu_events must be exported, or connected to a matching conduit.
Warning: hdl.pio_data_in: pio_data_in.external_connection must be exported, or connected to a matching conduit.
Warning: hdl.pio_data_out: pio_data_out.external_connection must be exported, or connected to a matching conduit.
Warning: hdl.pio_signals: pio_signals.external_connection must be exported, or connected to a matching conduit.
Info: hdl: Generating "hdl" for QUARTUS_SYNTH
Info: hps_0: "Running  for module: hps_0"
Info: hps_0: HPS Main PLL counter settings: n = 0  m = 73
Info: hps_0: HPS peripherial PLL counter settings: n = 0  m = 39
Warning: hps_0: "Configuration/HPS-to-FPGA user 0 clock frequency" (desired_cfg_clk_mhz) requested 100.0 MHz, but only achieved 97.368421 MHz
Warning: hps_0: 1 or more output clock frequencies cannot be achieved precisely, consider revising desired output clock frequencies.
Warning: hps_0: HPS model no longer supports simulation for HPS FPGA Bridges.
Warning: hps_0: ODT is disabled. Enabling ODT (Mode Register 1) may improve signal integrity
Warning: hps_0: set_interface_assignment: Interface "hps_io" does not exist
Info: hps_0: "hdl" instantiated altera_hps "hps_0"
Info: pio_data_in: Starting RTL generation for module 'hdl_pio_data_in'
Info: pio_data_in:   Generation command is [exec /opt/altera_lite/25.1std/quartus/linux64/perl/bin/perl -I /opt/altera_lite/25.1std/quartus/linux64/perl/lib -I /opt/altera_lite/25.1std/quartus/sopc_builder/bin/europa -I /opt/altera_lite/25.1std/quartus/sopc_builder/bin -I /opt/altera_lite/25.1std/quartus/../ip/altera/sopc_builder_ip/common -I /opt/altera_lite/25.1std/quartus/../ip/altera/sopc_builder_ip/altera_avalon_pio -- /opt/altera_lite/25.1std/quartus/../ip/altera/sopc_builder_ip/altera_avalon_pio/generate_rtl.pl --name=hdl_pio_data_in --dir=/tmp/alt0578_7337227143414066966.dir/0002_pio_data_in_gen/ --quartus_dir=/opt/altera_lite/25.1std/quartus --verilog --config=/tmp/alt0578_7337227143414066966.dir/0002_pio_data_in_gen//hdl_pio_data_in_component_configuration.pl  --do_build_sim=0  ]
Info: pio_data_in: Done RTL generation for module 'hdl_pio_data_in'
Info: pio_data_in: "hdl" instantiated altera_avalon_pio "pio_data_in"
Info: pio_data_out: Starting RTL generation for module 'hdl_pio_data_out'
Info: pio_data_out:   Generation command is [exec /opt/altera_lite/25.1std/quartus/linux64/perl/bin/perl -I /opt/altera_lite/25.1std/quartus/linux64/perl/lib -I /opt/altera_lite/25.1std/quartus/sopc_builder/bin/europa -I /opt/altera_lite/25.1std/quartus/sopc_builder/bin -I /opt/altera_lite/25.1std/quartus/../ip/altera/sopc_builder_ip/common -I /opt/altera_lite/25.1std/quartus/../ip/altera/sopc_builder_ip/altera_avalon_pio -- /opt/altera_lite/25.1std/quartus/../ip/altera/sopc_builder_ip/altera_avalon_pio/generate_rtl.pl --name=hdl_pio_data_out --dir=/tmp/alt0578_7337227143414066966.dir/0003_pio_data_out_gen/ --quartus_dir=/opt/altera_lite/25.1std/quartus --verilog --config=/tmp/alt0578_7337227143414066966.dir/0003_pio_data_out_gen//hdl_pio_data_out_component_configuration.pl  --do_build_sim=0  ]
Info: pio_data_out: Done RTL generation for module 'hdl_pio_data_out'
Info: pio_data_out: "hdl" instantiated altera_avalon_pio "pio_data_out"
Info: pio_signals: Starting RTL generation for module 'hdl_pio_signals'
Info: pio_signals:   Generation command is [exec /opt/altera_lite/25.1std/quartus/linux64/perl/bin/perl -I /opt/altera_lite/25.1std/quartus/linux64/perl/lib -I /opt/altera_lite/25.1std/quartus/sopc_builder/bin/europa -I /opt/altera_lite/25.1std/quartus/sopc_builder/bin -I /opt/altera_lite/25.1std/quartus/../ip/altera/sopc_builder_ip/common -I /opt/altera_lite/25.1std/quartus/../ip/altera/sopc_builder_ip/altera_avalon_pio -- /opt/altera_lite/25.1std/quartus/../ip/altera/sopc_builder_ip/altera_avalon_pio/generate_rtl.pl --name=hdl_pio_signals --dir=/tmp/alt0578_7337227143414066966.dir/0004_pio_signals_gen/ --quartus_dir=/opt/altera_lite/25.1std/quartus --verilog --config=/tmp/alt0578_7337227143414066966.dir/0004_pio_signals_gen//hdl_pio_signals_component_configuration.pl  --do_build_sim=0  ]
Info: pio_signals: Done RTL generation for module 'hdl_pio_signals'
Info: pio_signals: "hdl" instantiated altera_avalon_pio "pio_signals"
Info: avalon_st_adapter: Inserting error_adapter: error_adapter_0
Info: avalon_st_adapter_001: Inserting error_adapter: error_adapter_0
Info: avalon_st_adapter_002: Inserting error_adapter: error_adapter_0
Info: mm_interconnect_0: "hdl" instantiated altera_mm_interconnect "mm_interconnect_0"
Info: rst_controller: "hdl" instantiated altera_reset_controller "rst_controller"
Info: fpga_interfaces: "hps_0" instantiated altera_interface_generator "fpga_interfaces"
Info: hps_io: "hps_0" instantiated altera_hps_io "hps_io"
Info: pio_data_in_s1_translator: "mm_interconnect_0" instantiated altera_merlin_slave_translator "pio_data_in_s1_translator"
Info: hps_0_h2f_lw_axi_master_agent: "mm_interconnect_0" instantiated altera_merlin_axi_master_ni "hps_0_h2f_lw_axi_master_agent"
Info: pio_data_in_s1_agent: "mm_interconnect_0" instantiated altera_merlin_slave_agent "pio_data_in_s1_agent"
Info: pio_data_in_s1_agent_rsp_fifo: "mm_interconnect_0" instantiated altera_avalon_sc_fifo "pio_data_in_s1_agent_rsp_fifo"
Info: router: "mm_interconnect_0" instantiated altera_merlin_router "router"
Info: router_002: "mm_interconnect_0" instantiated altera_merlin_router "router_002"
Info: hps_0_h2f_lw_axi_master_wr_limiter: "mm_interconnect_0" instantiated altera_merlin_traffic_limiter "hps_0_h2f_lw_axi_master_wr_limiter"
Info: Reusing file /home/oem/Downloads/Problema_SD_2026_1-master/src/hdl/synthesis/submodules/altera_avalon_sc_fifo.v
Info: pio_data_in_s1_burst_adapter: "mm_interconnect_0" instantiated altera_merlin_burst_adapter "pio_data_in_s1_burst_adapter"
Info: Reusing file /home/oem/Downloads/Problema_SD_2026_1-master/src/hdl/synthesis/submodules/altera_merlin_address_alignment.sv
Info: Reusing file /home/oem/Downloads/Problema_SD_2026_1-master/src/hdl/synthesis/submodules/altera_avalon_st_pipeline_base.v
Info: cmd_demux: "mm_interconnect_0" instantiated altera_merlin_demultiplexer "cmd_demux"
Info: cmd_mux: "mm_interconnect_0" instantiated altera_merlin_multiplexer "cmd_mux"
Info: rsp_demux: "mm_interconnect_0" instantiated altera_merlin_demultiplexer "rsp_demux"
Info: rsp_mux: "mm_interconnect_0" instantiated altera_merlin_multiplexer "rsp_mux"
Info: Reusing file /home/oem/Downloads/Problema_SD_2026_1-master/src/hdl/synthesis/submodules/altera_merlin_arbitrator.sv
Info: avalon_st_adapter: "mm_interconnect_0" instantiated altera_avalon_st_adapter "avalon_st_adapter"
Info: border: "hps_io" instantiated altera_interface_generator "border"
Info: error_adapter_0: "avalon_st_adapter" instantiated error_adapter "error_adapter_0"
Info: hdl: Done "hdl" with 24 modules, 81 files
Info: qsys-generate succeeded.
Info: Finished: Create HDL design files for synthesis
